2024-11-26T00:16:59.143Z [info] Iniciando no ambiente development
2024-11-26T00:16:59.148Z [info] Servidor pronto na porta 8080
2024-11-26T00:17:31.324Z [info] Iniciando no ambiente development
2024-11-26T00:17:31.335Z [info] Servidor pronto na porta 8080
2024-11-26T00:17:36.644Z [info] Iniciando no ambiente development
2024-11-26T00:17:36.655Z [info] Servidor pronto na porta 8080
2024-11-26T00:19:39.634Z [info] Iniciando no ambiente development
2024-11-26T00:19:39.662Z [info] Servidor pronto na porta 8080
2024-11-26T00:35:49.627Z [info] Iniciando no ambiente development
2024-11-26T00:35:49.629Z [info] Servidor pronto na porta 8080
2024-11-26T00:37:27.773Z [debug] Requisição GET na rota /api
2024-11-26T00:37:34.503Z [debug] Requisição GET na rota /api/posts/1
2024-11-26T02:10:27.324Z [info] Iniciando no ambiente development
2024-11-26T02:10:27.326Z [info] Servidor pronto na porta 8080
2024-11-26T02:11:05.113Z [debug] Requisição GET na rota /api/usuarios
2024-11-26T02:11:32.440Z [debug] Requisição POST na rota /api/usuarios
2024-11-26T02:11:37.205Z [debug] Requisição GET na rota /api/usuarios
2024-11-26T02:13:05.941Z [info] Iniciando no ambiente development
2024-11-26T02:13:05.944Z [info] Servidor pronto na porta 8080
2024-11-26T02:14:08.138Z [debug] Requisição POST na rota /api/usuarios/login
2024-11-26T02:14:20.548Z [debug] Requisição GET na rota /api/usuarios
2024-11-26T02:14:23.939Z [debug] Requisição POST na rota /api/usuarios/login
2024-11-26T02:14:35.776Z [debug] Requisição POST na rota /api/usuarios/login
2024-11-26T02:15:02.316Z [debug] Requisição DELETE na rota /api/usuarios
2024-11-26T02:15:17.164Z [debug] Requisição DELETE na rota /api/usuarios
2024-11-26T02:32:59.753Z [info] Iniciando no ambiente development
2024-11-26T02:32:59.755Z [info] Servidor pronto na porta 8080
2024-11-26T02:33:02.791Z [debug] Requisição POST na rota /api/usuarios/login
2024-11-26T02:33:12.287Z [debug] Requisição POST na rota /api/usuarios/login
2024-11-26T02:36:25.388Z [info] Iniciando no ambiente development
2024-11-26T02:36:25.391Z [info] Servidor pronto na porta 8080
2024-11-26T02:36:39.811Z [info] Iniciando no ambiente development
2024-11-26T02:36:39.813Z [info] Servidor pronto na porta 8080
2024-11-26T02:36:58.154Z [info] Iniciando no ambiente development
2024-11-26T02:36:58.156Z [info] Servidor pronto na porta 8080
2024-11-26T02:39:53.275Z [info] Iniciando no ambiente development
2024-11-26T02:39:53.277Z [info] Servidor pronto na porta 8080
2024-11-26T02:41:13.553Z [debug] Requisição GET na rota /api
2024-11-26T02:41:16.777Z [debug] Requisição GET na rota /api/posts/1
2024-11-26T02:41:55.677Z [debug] Requisição GET na rota /api/posts
2024-11-26T02:42:24.990Z [debug] Requisição GET na rota /api/posts
2024-11-26T02:42:49.221Z [debug] Requisição GET na rota /api/usuarios
2024-11-26T02:43:09.938Z [debug] Requisição POST na rota /api/usuarios/login
2024-11-26T02:43:47.701Z [debug] Requisição POST na rota /api/posts
2024-11-26T02:44:26.565Z [debug] Requisição POST na rota /api/posts
2024-11-26T02:46:08.835Z [info] Iniciando no ambiente development
2024-11-26T02:46:08.836Z [info] Servidor pronto na porta 8080
2025-01-23T21:36:56.456Z [info] Iniciando no ambiente development
2025-01-23T21:36:56.457Z [info] Servidor pronto na porta 8080
2025-01-23T21:36:59.943Z [debug] Requisição GET na rota /post/12
2025-01-23T21:38:20.962Z [info] Iniciando no ambiente development
2025-01-23T21:38:20.964Z [info] Servidor pronto na porta 8080
2025-01-23T21:38:56.585Z [debug] Requisição GET na rota /post/12
2025-01-23T21:39:04.039Z [debug] Requisição GET na rota /
2025-01-23T21:39:04.211Z [debug] Requisição GET na rota /static/uploads/foto-1732572912594.jpg
2025-01-23T21:39:04.282Z [debug] Requisição GET na rota /static/imgs/avatar.jpg
2025-01-23T21:39:10.677Z [debug] Requisição GET na rota /post/3
2025-01-23T21:39:10.795Z [debug] Requisição GET na rota /static/imgs/avatar.jpg
2025-01-23T21:43:50.241Z [debug] Requisição GET na rota /api/posts
2025-01-23T21:44:31.933Z [debug] Requisição DELETE na rota /api/posts
2025-01-23T21:45:04.731Z [debug] Requisição DELETE na rota /api/posts
2025-01-23T21:45:18.953Z [debug] Requisição GET na rota /api/posts
2025-01-23T21:45:24.537Z [debug] Requisição DELETE na rota /api/posts
2025-01-23T21:45:31.653Z [debug] Requisição DELETE na rota /api/posts
2025-01-23T21:45:35.533Z [debug] Requisição GET na rota /api/posts
2025-01-23T21:53:02.254Z [debug] Requisição GET na rota /api/usuarios
2025-01-23T21:53:16.027Z [debug] Requisição DELETE na rota /api/usuarios
2025-01-23T21:53:22.782Z [debug] Requisição DELETE na rota /api/usuarios
2025-01-23T21:53:28.864Z [debug] Requisição POST na rota /api/usuarios
2025-01-23T21:58:34.483Z [debug] Requisição POST na rota /api/posts
2025-01-23T21:58:44.274Z [debug] Requisição POST na rota /api/posts
2025-01-23T21:58:48.876Z [debug] Requisição POST na rota /api/posts
2025-01-23T22:07:33.440Z [info] Iniciando no ambiente development
2025-01-23T22:07:33.444Z [info] Servidor pronto na porta 8080
2025-01-23T22:07:54.950Z [debug] Requisição GET na rota /api/posts
2025-01-23T22:09:00.565Z [debug] Requisição GET na rota /api/posts
2025-01-23T22:12:11.657Z [info] Iniciando no ambiente production
2025-01-23T22:12:11.660Z [info] Servidor pronto na porta 8080
2025-01-23T22:12:23.203Z [debug] Requisição POST na rota /api/posts
2025-01-23T22:12:25.242Z [debug] Requisição GET na rota /api/posts
2025-01-23T22:15:34.429Z [info] Iniciando no ambiente development
2025-01-23T22:15:34.430Z [info] Servidor pronto na porta 8080
2025-01-23T22:15:43.234Z [debug] Requisição GET na rota /api/usuarios
2025-01-23T22:16:29.768Z [debug] Requisição POST na rota /api/posts
2025-01-23T22:22:26.254Z [debug] Requisição POST na rota /api/posts
2025-01-23T22:22:27.960Z [debug] Requisição POST na rota /api/posts
2025-01-23T22:22:58.729Z [debug] Requisição GET na rota /api/usuarios
2025-01-23T22:23:09.198Z [debug] Requisição POST na rota /api/posts
2025-01-23T22:23:09.852Z [debug] Requisição POST na rota /api/posts
2025-01-23T22:23:10.021Z [debug] Requisição POST na rota /api/posts
2025-01-23T22:23:10.317Z [debug] Requisição POST na rota /api/posts
2025-01-23T22:25:30.590Z [debug] Requisição POST na rota /api/posts
2025-01-23T22:25:31.437Z [debug] Requisição POST na rota /api/posts
2025-01-23T22:25:31.553Z [debug] Requisição POST na rota /api/posts
2025-01-23T22:25:31.877Z [debug] Requisição POST na rota /api/posts
2025-01-23T22:25:31.986Z [debug] Requisição POST na rota /api/posts
2025-01-23T22:25:32.131Z [debug] Requisição POST na rota /api/posts
2025-01-23T22:25:32.295Z [debug] Requisição POST na rota /api/posts
2025-01-23T22:25:32.609Z [debug] Requisição POST na rota /api/posts
2025-01-23T22:25:32.611Z [debug] Requisição POST na rota /api/posts
2025-01-23T22:27:42.996Z [debug] Requisição POST na rota /api/posts
2025-01-23T22:27:43.735Z [debug] Requisição POST na rota /api/posts
2025-01-23T22:27:43.968Z [debug] Requisição POST na rota /api/posts
2025-01-23T22:27:44.181Z [debug] Requisição POST na rota /api/posts
2025-01-23T22:27:44.487Z [debug] Requisição POST na rota /api/posts
2025-01-23T22:27:44.657Z [debug] Requisição POST na rota /api/posts
2025-01-23T22:27:46.232Z [debug] Requisição POST na rota /api/posts
2025-01-23T22:27:46.234Z [debug] Requisição POST na rota /api/posts
2025-01-23T22:27:46.236Z [debug] Requisição POST na rota /api/posts
2025-01-23T22:27:46.237Z [debug] Requisição POST na rota /api/posts
2025-01-23T22:27:46.239Z [debug] Requisição POST na rota /api/posts
2025-01-23T22:27:46.241Z [debug] Requisição POST na rota /api/posts
2025-01-23T22:27:46.246Z [debug] Requisição POST na rota /api/posts
2025-01-23T22:27:46.416Z [debug] Requisição POST na rota /api/posts
2025-01-23T22:27:46.631Z [debug] Requisição POST na rota /api/posts
2025-01-23T22:30:01.603Z [debug] Requisição GET na rota /api
2025-01-23T22:30:04.533Z [debug] Requisição GET na rota /api/posts
2025-01-23T22:33:35.330Z [info] Iniciando no ambiente development
2025-01-23T22:33:35.333Z [info] Servidor pronto na porta 8080
2025-01-23T22:33:41.117Z [debug] Requisição GET na rota /api/posts
2025-01-23T22:35:39.516Z [info] Iniciando no ambiente development
2025-01-23T22:35:39.518Z [info] Servidor pronto na porta 8080
2025-01-23T22:37:42.760Z [debug] Requisição POST na rota /api/posts
2025-01-23T22:37:42.819Z [debug] Requisição POST na rota /api/posts
2025-01-23T22:37:42.836Z [debug] Requisição POST na rota /api/posts
2025-01-23T22:37:42.839Z [debug] Requisição POST na rota /api/posts
2025-01-23T22:37:42.843Z [debug] Requisição POST na rota /api/posts
2025-01-23T22:37:42.849Z [debug] Requisição POST na rota /api/posts
2025-01-23T22:37:42.853Z [debug] Requisição POST na rota /api/posts
2025-01-23T22:37:42.854Z [debug] Requisição POST na rota /api/posts
2025-01-23T22:38:52.879Z [debug] Requisição GET na rota /api/posts
2025-01-23T22:42:19.230Z [debug] Requisição GET na rota /api/usuarios
2025-01-23T22:42:30.204Z [debug] Requisição POST na rota /api/usuarios/login
2025-01-23T22:44:01.377Z [debug] Requisição GET na rota /api/usuarios
2025-01-23T22:46:17.229Z [debug] Requisição POST na rota /api/posts
2025-01-23T22:46:18.089Z [debug] Requisição POST na rota /api/posts
2025-01-23T22:46:18.246Z [debug] Requisição POST na rota /api/posts
2025-01-23T22:46:18.550Z [debug] Requisição POST na rota /api/posts
2025-01-23T22:46:18.672Z [debug] Requisição POST na rota /api/posts
2025-01-23T22:46:18.818Z [debug] Requisição POST na rota /api/posts
2025-01-23T22:46:18.993Z [debug] Requisição POST na rota /api/posts
2025-01-23T22:46:19.177Z [debug] Requisição POST na rota /api/posts
2025-01-23T22:46:24.442Z [debug] Requisição POST na rota /api/posts
2025-01-23T22:46:24.622Z [debug] Requisição POST na rota /api/posts
2025-01-23T22:46:24.787Z [debug] Requisição POST na rota /api/posts
2025-01-23T22:46:25.114Z [debug] Requisição POST na rota /api/posts
2025-01-23T22:46:25.779Z [debug] Requisição POST na rota /api/posts
2025-01-23T22:47:01.630Z [debug] Requisição GET na rota /api
2025-01-23T22:47:02.783Z [debug] Requisição GET na rota /api/posts
2025-01-24T01:15:46.103Z [info] Iniciando no ambiente development
2025-01-24T01:15:46.105Z [info] Servidor pronto na porta 8080
2025-01-24T01:16:00.529Z [debug] Requisição GET na rota /
2025-01-24T01:16:00.765Z [debug] Requisição GET na rota /static/imgs/avatar.jpg
2025-01-24T01:16:00.991Z [debug] Requisição GET na rota /favicon.ico
2025-01-24T01:16:37.087Z [debug] Requisição GET na rota /api/posts
2025-01-24T01:17:14.524Z [debug] Requisição POST na rota /api/posts
2025-01-24T01:18:07.477Z [debug] Requisição GET na rota /api/usuarios
2025-01-24T01:18:32.129Z [debug] Requisição POST na rota /api/usuarios/login
2025-01-24T01:19:23.726Z [debug] Requisição POST na rota /api/posts
2025-01-24T01:19:44.694Z [debug] Requisição POST na rota /api/posts
2025-01-24T01:20:17.825Z [debug] Requisição POST na rota /api/posts
2025-01-24T01:20:41.847Z [debug] Requisição POST na rota /api/posts
2025-01-24T01:20:55.624Z [debug] Requisição POST na rota /api/posts
2025-01-24T01:21:00.993Z [debug] Requisição POST na rota /api/posts
2025-01-24T01:21:04.825Z [debug] Requisição POST na rota /api/posts
2025-01-24T01:21:09.386Z [debug] Requisição POST na rota /api/posts
2025-01-24T01:21:14.327Z [debug] Requisição POST na rota /api/posts
2025-01-24T01:21:20.348Z [debug] Requisição POST na rota /api/posts
2025-01-24T01:21:26.205Z [debug] Requisição POST na rota /api/posts
2025-01-24T01:21:32.093Z [debug] Requisição POST na rota /api/posts
2025-01-24T01:24:15.471Z [debug] Requisição GET na rota /api/usuarios
2025-01-24T01:24:44.542Z [debug] Requisição POST na rota /api/posts
2025-01-24T01:32:00.214Z [debug] Requisição POST na rota /api/usuarios/login
2025-01-24T01:32:38.078Z [debug] Requisição POST na rota /api/posts
2025-01-24T01:32:51.576Z [debug] Requisição GET na rota /
2025-01-24T01:32:51.681Z [debug] Requisição GET na rota /static/imgs/avatar.jpg
2025-01-24T01:32:51.802Z [debug] Requisição GET na rota /favicon.ico
2025-01-24T01:33:39.877Z [debug] Requisição GET na rota /api/posts
2025-01-24T01:34:50.802Z [debug] Requisição DELETE na rota /api/posts
2025-01-24T01:37:33.875Z [debug] Requisição POST na rota /api/posts
2025-01-24T01:39:55.733Z [debug] Requisição POST na rota /api/posts
2025-01-24T01:40:26.240Z [debug] Requisição POST na rota /api/posts
2025-01-24T01:41:35.579Z [debug] Requisição POST na rota /api/posts
2025-01-24T01:41:36.279Z [debug] Requisição POST na rota /api/posts
2025-01-24T01:42:01.092Z [debug] Requisição POST na rota /api/usuarios/login
2025-01-24T01:42:40.881Z [debug] Requisição POST na rota /api/posts
2025-01-24T01:43:03.392Z [debug] Requisição GET na rota /
2025-01-24T01:43:03.589Z [debug] Requisição GET na rota /static/uploads/foto-1737682960968.jpg
2025-01-24T01:43:03.616Z [debug] Requisição GET na rota /static/imgs/avatar.jpg
2025-01-24T01:44:44.597Z [debug] Requisição GET na rota /api/posts
2025-01-24T01:44:51.097Z [debug] Requisição DELETE na rota /api/posts
2025-01-24T01:45:26.917Z [debug] Requisição POST na rota /api/posts
2025-01-24T01:45:36.953Z [debug] Requisição POST na rota /api/usuarios/login
2025-01-24T01:46:05.407Z [debug] Requisição POST na rota /api/posts
2025-01-24T01:46:13.471Z [debug] Requisição GET na rota /
2025-01-24T01:46:13.700Z [debug] Requisição GET na rota /static/uploads/foto-1737683165439.jpg
2025-01-24T01:46:13.782Z [debug] Requisição GET na rota /static/imgs/avatar.jpg
2025-01-24T01:46:14.085Z [debug] Requisição GET na rota /favicon.ico
2025-01-24T01:46:25.280Z [debug] Requisição GET na rota /post/6
2025-01-24T01:46:25.449Z [debug] Requisição GET na rota /static/imgs/avatar.jpg
2025-01-24T01:46:25.484Z [debug] Requisição GET na rota /static/uploads/foto-1737683165439.jpg
2025-01-24T01:46:50.371Z [debug] Requisição GET na rota /favicon.ico
2025-01-24T01:52:51.623Z [debug] Requisição POST na rota /api/usuarios
2025-01-24T01:52:56.690Z [debug] Requisição GET na rota /api/usuarios
2025-01-24T01:53:00.762Z [debug] Requisição POST na rota /api/usuarios/login
2025-01-24T01:53:21.503Z [debug] Requisição POST na rota /api/usuarios/login
2025-01-24T01:54:11.292Z [debug] Requisição POST na rota /api/posts
2025-01-24T01:54:32.687Z [debug] Requisição POST na rota /api/usuarios/login
2025-01-24T01:54:46.110Z [debug] Requisição GET na rota /api/posts
2025-01-24T01:54:53.089Z [debug] Requisição GET na rota /api/usuarios
2025-01-24T01:55:03.507Z [debug] Requisição POST na rota /api/posts
2025-01-24T01:55:09.626Z [debug] Requisição GET na rota /
2025-01-24T01:55:09.919Z [debug] Requisição GET na rota /static/uploads/foto-1737683703530.jpg
2025-01-24T01:55:09.970Z [debug] Requisição GET na rota /static/imgs/avatar.jpg
2025-01-24T01:55:09.976Z [debug] Requisição GET na rota /static/uploads/foto-1737683165439.jpg
2025-01-24T01:55:10.159Z [debug] Requisição GET na rota /favicon.ico
2025-01-24T01:55:38.632Z [debug] Requisição GET na rota /post/7
2025-01-24T01:55:38.753Z [debug] Requisição GET na rota /static/imgs/avatar.jpg
2025-01-24T01:55:38.758Z [debug] Requisição GET na rota /static/uploads/foto-1737683703530.jpg
2025-01-24T01:56:32.100Z [debug] Requisição POST na rota /api/usuarios
2025-01-24T01:56:43.020Z [debug] Requisição GET na rota /api/usuarios
2025-01-24T01:58:41.412Z [debug] Requisição POST na rota /api/usuarios/login
2025-01-24T01:58:57.732Z [debug] Requisição POST na rota /api/posts
2025-01-24T01:59:04.202Z [debug] Requisição GET na rota /
2025-01-24T01:59:04.439Z [debug] Requisição GET na rota /static/uploads/foto-1737683937760.jpg
2025-01-24T01:59:04.538Z [debug] Requisição GET na rota /static/imgs/avatar.jpg
2025-01-24T01:59:04.564Z [debug] Requisição GET na rota /static/uploads/foto-1737683703530.jpg
2025-01-24T01:59:04.577Z [debug] Requisição GET na rota /static/uploads/foto-1737683165439.jpg
2025-01-24T01:59:13.884Z [debug] Requisição GET na rota /post/8
2025-01-24T01:59:14.017Z [debug] Requisição GET na rota /static/imgs/avatar.jpg
2025-01-24T01:59:14.056Z [debug] Requisição GET na rota /static/uploads/foto-1737683937760.jpg
2025-01-24T01:59:14.094Z [debug] Requisição GET na rota /favicon.ico
2025-01-24T02:06:57.943Z [debug] Requisição GET na rota /
2025-01-24T02:06:58.231Z [debug] Requisição GET na rota /static/imgs/avatar.jpg
2025-01-24T02:06:58.267Z [debug] Requisição GET na rota /static/uploads/foto-1737683937760.jpg
2025-01-24T02:06:58.281Z [debug] Requisição GET na rota /static/uploads/foto-1737683703530.jpg
2025-01-24T02:06:58.293Z [debug] Requisição GET na rota /static/uploads/foto-1737683165439.jpg
2025-01-24T02:06:58.334Z [debug] Requisição GET na rota /favicon.ico
2025-01-24T02:07:16.505Z [debug] Requisição GET na rota /
2025-01-24T02:07:16.627Z [debug] Requisição GET na rota /static/imgs/avatar.jpg
2025-01-24T02:07:16.629Z [debug] Requisição GET na rota /static/uploads/foto-1737683937760.jpg
2025-01-24T02:07:16.636Z [debug] Requisição GET na rota /static/uploads/foto-1737683703530.jpg
2025-01-24T02:07:16.652Z [debug] Requisição GET na rota /static/uploads/foto-1737683165439.jpg
2025-01-24T02:07:27.990Z [debug] Requisição GET na rota /
2025-01-24T02:07:28.087Z [debug] Requisição GET na rota /static/imgs/avatar.jpg
2025-01-24T02:07:28.145Z [debug] Requisição GET na rota /static/uploads/foto-1737683937760.jpg
2025-01-24T02:07:28.161Z [debug] Requisição GET na rota /static/uploads/foto-1737683703530.jpg
2025-01-24T02:07:28.164Z [debug] Requisição GET na rota /static/uploads/foto-1737683165439.jpg
2025-01-24T02:07:55.567Z [debug] Requisição GET na rota /
2025-01-24T02:07:55.658Z [debug] Requisição GET na rota /static/imgs/avatar.jpg
2025-01-24T02:07:55.666Z [debug] Requisição GET na rota /static/uploads/foto-1737683937760.jpg
2025-01-24T02:07:55.672Z [debug] Requisição GET na rota /static/uploads/foto-1737683703530.jpg
2025-01-24T02:07:55.678Z [debug] Requisição GET na rota /static/uploads/foto-1737683165439.jpg
2025-01-24T02:08:17.729Z [debug] Requisição GET na rota /
2025-01-24T02:08:17.845Z [debug] Requisição GET na rota /static/imgs/avatar.jpg
2025-01-24T02:08:17.855Z [debug] Requisição GET na rota /static/uploads/foto-1737683937760.jpg
2025-01-24T02:08:17.856Z [debug] Requisição GET na rota /static/uploads/foto-1737683703530.jpg
2025-01-24T02:08:17.870Z [debug] Requisição GET na rota /static/uploads/foto-1737683165439.jpg
2025-01-24T02:10:51.428Z [debug] Requisição GET na rota /
2025-01-24T02:10:51.574Z [debug] Requisição GET na rota /static/imgs/avatar.jpg
2025-01-24T02:10:51.609Z [debug] Requisição GET na rota /static/uploads/foto-1737683937760.jpg
2025-01-24T02:10:51.611Z [debug] Requisição GET na rota /static/uploads/foto-1737683703530.jpg
2025-01-24T02:10:51.659Z [debug] Requisição GET na rota /static/uploads/foto-1737683165439.jpg
2025-01-24T02:12:36.104Z [debug] Requisição GET na rota /post/8
2025-01-24T02:12:36.468Z [debug] Requisição GET na rota /static/imgs/avatar.jpg
2025-01-24T02:12:36.494Z [debug] Requisição GET na rota /static/uploads/foto-1737683937760.jpg
2025-01-24T02:17:22.426Z [debug] Requisição GET na rota /
2025-01-24T02:17:22.709Z [debug] Requisição GET na rota /static/imgs/avatar.jpg
2025-01-24T02:17:22.785Z [debug] Requisição GET na rota /static/uploads/foto-1737683937760.jpg
2025-01-24T02:17:22.788Z [debug] Requisição GET na rota /static/uploads/foto-1737683703530.jpg
2025-01-24T02:17:22.850Z [debug] Requisição GET na rota /static/uploads/foto-1737683165439.jpg
2025-01-24T02:17:34.665Z [debug] Requisição GET na rota /
2025-01-24T02:17:34.775Z [debug] Requisição GET na rota /static/imgs/avatar.jpg
2025-01-24T02:17:34.789Z [debug] Requisição GET na rota /static/uploads/foto-1737683703530.jpg
2025-01-24T02:17:34.810Z [debug] Requisição GET na rota /static/uploads/foto-1737683165439.jpg
2025-01-24T02:17:34.824Z [debug] Requisição GET na rota /static/uploads/foto-1737683937760.jpg
2025-01-24T02:25:26.845Z [info] Iniciando no ambiente development
2025-01-24T02:25:26.846Z [info] Servidor pronto na porta 8080
2025-01-24T02:25:31.606Z [debug] Requisição GET na rota /
2025-01-24T02:25:31.865Z [debug] Requisição GET na rota /static/imgs/avatar.jpg
2025-01-24T02:25:31.912Z [debug] Requisição GET na rota /static/uploads/foto-1737683937760.jpg
2025-01-24T02:25:31.914Z [debug] Requisição GET na rota /static/uploads/foto-1737683703530.jpg
2025-01-24T02:25:31.970Z [debug] Requisição GET na rota /static/uploads/foto-1737683165439.jpg
2025-01-24T02:25:49.487Z [debug] Requisição GET na rota /post/8
2025-01-24T02:25:49.627Z [debug] Requisição GET na rota /static/imgs/avatar.jpg
2025-01-24T02:25:49.636Z [debug] Requisição GET na rota /static/uploads/foto-1737683937760.jpg
2025-01-24T02:29:48.887Z [debug] Requisição GET na rota /post/8
2025-01-24T02:29:49.164Z [debug] Requisição GET na rota /static/imgs/avatar.jpg
2025-01-24T02:29:49.238Z [debug] Requisição GET na rota /static/uploads/foto-1737683937760.jpg
2025-01-24T02:29:49.379Z [debug] Requisição GET na rota /favicon.ico
2025-01-24T02:29:59.439Z [debug] Requisição GET na rota /
2025-01-24T02:29:59.537Z [debug] Requisição GET na rota /static/imgs/avatar.jpg
2025-01-24T02:29:59.552Z [debug] Requisição GET na rota /static/uploads/foto-1737683703530.jpg
2025-01-24T02:29:59.558Z [debug] Requisição GET na rota /static/uploads/foto-1737683937760.jpg
2025-01-24T02:29:59.569Z [debug] Requisição GET na rota /static/uploads/foto-1737683165439.jpg
2025-01-24T02:30:05.281Z [debug] Requisição GET na rota /
2025-01-24T02:30:05.391Z [debug] Requisição GET na rota /static/imgs/avatar.jpg
2025-01-24T02:30:05.396Z [debug] Requisição GET na rota /static/uploads/foto-1737683937760.jpg
2025-01-24T02:30:05.403Z [debug] Requisição GET na rota /static/uploads/foto-1737683165439.jpg
2025-01-24T02:30:05.404Z [debug] Requisição GET na rota /static/uploads/foto-1737683703530.jpg
2025-01-24T02:30:34.326Z [debug] Requisição GET na rota /
2025-01-24T02:30:34.429Z [debug] Requisição GET na rota /static/imgs/avatar.jpg
2025-01-24T02:30:34.461Z [debug] Requisição GET na rota /static/uploads/foto-1737683703530.jpg
2025-01-24T02:30:34.465Z [debug] Requisição GET na rota /static/uploads/foto-1737683937760.jpg
2025-01-24T02:30:34.467Z [debug] Requisição GET na rota /static/uploads/foto-1737683165439.jpg
2025-01-24T02:30:34.494Z [debug] Requisição GET na rota /favicon.ico
2025-01-24T02:30:37.926Z [debug] Requisição GET na rota /post/7
2025-01-24T02:30:38.080Z [debug] Requisição GET na rota /static/imgs/avatar.jpg
2025-01-24T02:30:38.090Z [debug] Requisição GET na rota /static/uploads/foto-1737683703530.jpg
2025-01-24T02:34:52.427Z [debug] Requisição GET na rota /
2025-01-24T02:34:52.718Z [debug] Requisição GET na rota /static/imgs/avatar.jpg
2025-01-24T02:34:52.791Z [debug] Requisição GET na rota /static/uploads/foto-1737683937760.jpg
2025-01-24T02:34:52.795Z [debug] Requisição GET na rota /static/uploads/foto-1737683703530.jpg
2025-01-24T02:34:52.833Z [debug] Requisição GET na rota /static/uploads/foto-1737683165439.jpg
2025-01-24T02:35:20.658Z [debug] Requisição GET na rota /
2025-01-24T02:35:20.799Z [debug] Requisição GET na rota /static/imgs/avatar.jpg
2025-01-24T02:35:20.805Z [debug] Requisição GET na rota /static/uploads/foto-1737683165439.jpg
2025-01-24T02:35:20.834Z [debug] Requisição GET na rota /static/uploads/foto-1737683937760.jpg
2025-01-24T02:35:20.839Z [debug] Requisição GET na rota /static/uploads/foto-1737683703530.jpg
2025-01-24T02:35:46.735Z [debug] Requisição GET na rota /
2025-01-24T02:35:46.822Z [debug] Requisição GET na rota /static/imgs/avatar.jpg
2025-01-24T02:35:46.843Z [debug] Requisição GET na rota /static/uploads/foto-1737683937760.jpg
2025-01-24T02:35:46.844Z [debug] Requisição GET na rota /static/uploads/foto-1737683703530.jpg
2025-01-24T02:35:46.852Z [debug] Requisição GET na rota /static/uploads/foto-1737683165439.jpg
2025-01-24T02:36:16.967Z [debug] Requisição GET na rota /
2025-01-24T02:36:17.064Z [debug] Requisição GET na rota /static/imgs/avatar.jpg
2025-01-24T02:36:17.072Z [debug] Requisição GET na rota /static/uploads/foto-1737683937760.jpg
2025-01-24T02:36:17.081Z [debug] Requisição GET na rota /static/uploads/foto-1737683703530.jpg
2025-01-24T02:36:17.083Z [debug] Requisição GET na rota /static/uploads/foto-1737683165439.jpg
2025-01-24T02:36:57.417Z [debug] Requisição GET na rota /
2025-01-24T02:36:57.518Z [debug] Requisição GET na rota /static/imgs/avatar.jpg
2025-01-24T02:36:57.534Z [debug] Requisição GET na rota /static/uploads/foto-1737683937760.jpg
2025-01-24T02:36:57.537Z [debug] Requisição GET na rota /static/uploads/foto-1737683703530.jpg
2025-01-24T02:36:57.566Z [debug] Requisição GET na rota /static/uploads/foto-1737683165439.jpg
2025-01-24T02:39:21.621Z [debug] Requisição GET na rota /
2025-01-24T02:39:21.736Z [debug] Requisição GET na rota /static/imgs/avatar.jpg
2025-01-24T02:39:21.740Z [debug] Requisição GET na rota /static/uploads/foto-1737683165439.jpg
2025-01-24T02:39:21.757Z [debug] Requisição GET na rota /static/uploads/foto-1737683703530.jpg
2025-01-24T02:39:21.767Z [debug] Requisição GET na rota /static/uploads/foto-1737683937760.jpg
2025-01-24T02:39:21.838Z [debug] Requisição GET na rota /favicon.ico
2025-01-24T02:40:14.809Z [debug] Requisição GET na rota /
2025-01-24T02:40:14.919Z [debug] Requisição GET na rota /static/imgs/avatar.jpg
2025-01-24T02:40:14.926Z [debug] Requisição GET na rota /static/uploads/foto-1737683937760.jpg
2025-01-24T02:40:14.927Z [debug] Requisição GET na rota /static/uploads/foto-1737683703530.jpg
2025-01-24T02:40:14.928Z [debug] Requisição GET na rota /static/uploads/foto-1737683165439.jpg
2025-01-24T02:40:14.998Z [debug] Requisição GET na rota /favicon.ico
2025-01-24T02:40:32.991Z [debug] Requisição GET na rota /
2025-01-24T02:40:33.113Z [debug] Requisição GET na rota /static/imgs/avatar.jpg
2025-01-24T02:40:33.131Z [debug] Requisição GET na rota /static/uploads/foto-1737683937760.jpg
2025-01-24T02:40:33.145Z [debug] Requisição GET na rota /static/uploads/foto-1737683703530.jpg
2025-01-24T02:40:33.147Z [debug] Requisição GET na rota /static/uploads/foto-1737683165439.jpg
2025-01-24T02:40:33.153Z [debug] Requisição GET na rota /favicon.ico
2025-01-24T02:42:32.326Z [debug] Requisição GET na rota /
2025-01-24T02:42:32.424Z [debug] Requisição GET na rota /static/uploads/foto-1737683937760.jpg
2025-01-24T02:42:32.457Z [debug] Requisição GET na rota /static/uploads/foto-1737683703530.jpg
2025-01-24T02:42:32.465Z [debug] Requisição GET na rota /static/imgs/avatar.jpg
2025-01-24T02:42:32.473Z [debug] Requisição GET na rota /static/uploads/foto-1737683165439.jpg
2025-01-24T02:42:32.554Z [debug] Requisição GET na rota /favicon.ico
2025-01-24T02:42:50.583Z [debug] Requisição GET na rota /
2025-01-24T02:42:50.687Z [debug] Requisição GET na rota /static/imgs/avatar.jpg
2025-01-24T02:42:50.693Z [debug] Requisição GET na rota /static/uploads/foto-1737683937760.jpg
2025-01-24T02:42:50.697Z [debug] Requisição GET na rota /static/uploads/foto-1737683703530.jpg
2025-01-24T02:42:50.702Z [debug] Requisição GET na rota /static/uploads/foto-1737683165439.jpg
2025-01-24T02:42:50.782Z [debug] Requisição GET na rota /favicon.ico
2025-01-24T02:43:06.274Z [debug] Requisição GET na rota /
2025-01-24T02:43:06.394Z [debug] Requisição GET na rota /static/imgs/avatar.jpg
2025-01-24T02:43:06.400Z [debug] Requisição GET na rota /static/uploads/foto-1737683165439.jpg
2025-01-24T02:43:06.407Z [debug] Requisição GET na rota /static/uploads/foto-1737683703530.jpg
2025-01-24T02:43:06.408Z [debug] Requisição GET na rota /static/uploads/foto-1737683937760.jpg
2025-01-24T02:45:38.307Z [debug] Requisição GET na rota /
2025-01-24T02:45:38.568Z [debug] Requisição GET na rota /static/imgs/avatar.jpg
2025-01-24T02:45:38.606Z [debug] Requisição GET na rota /static/uploads/foto-1737683937760.jpg
2025-01-24T02:45:38.613Z [debug] Requisição GET na rota /static/uploads/foto-1737683703530.jpg
2025-01-24T02:45:38.638Z [debug] Requisição GET na rota /static/uploads/foto-1737683165439.jpg
2025-01-24T02:46:18.279Z [debug] Requisição GET na rota /
2025-01-24T02:46:18.379Z [debug] Requisição GET na rota /static/imgs/avatar.jpg
2025-01-24T02:46:18.389Z [debug] Requisição GET na rota /static/uploads/foto-1737683165439.jpg
2025-01-24T02:46:18.391Z [debug] Requisição GET na rota /static/uploads/foto-1737683937760.jpg
2025-01-24T02:46:18.418Z [debug] Requisição GET na rota /static/uploads/foto-1737683703530.jpg
2025-01-24T02:46:40.574Z [debug] Requisição GET na rota /
2025-01-24T02:46:40.688Z [debug] Requisição GET na rota /static/imgs/avatar.jpg
2025-01-24T02:46:40.696Z [debug] Requisição GET na rota /static/uploads/foto-1737683937760.jpg
2025-01-24T02:46:40.698Z [debug] Requisição GET na rota /static/uploads/foto-1737683703530.jpg
2025-01-24T02:46:40.717Z [debug] Requisição GET na rota /static/uploads/foto-1737683165439.jpg
2025-01-24T02:46:53.289Z [debug] Requisição GET na rota /
2025-01-24T02:46:53.402Z [debug] Requisição GET na rota /static/imgs/avatar.jpg
2025-01-24T02:46:53.419Z [debug] Requisição GET na rota /static/uploads/foto-1737683937760.jpg
2025-01-24T02:46:53.420Z [debug] Requisição GET na rota /static/uploads/foto-1737683703530.jpg
2025-01-24T02:46:53.428Z [debug] Requisição GET na rota /static/uploads/foto-1737683165439.jpg
2025-01-24T02:47:51.675Z [debug] Requisição GET na rota /
2025-01-24T02:47:51.751Z [debug] Requisição GET na rota /static/imgs/avatar.jpg
2025-01-24T02:47:51.758Z [debug] Requisição GET na rota /static/uploads/foto-1737683703530.jpg
2025-01-24T02:47:51.759Z [debug] Requisição GET na rota /static/uploads/foto-1737683937760.jpg
2025-01-24T02:47:51.778Z [debug] Requisição GET na rota /static/uploads/foto-1737683165439.jpg
2025-01-24T02:47:51.805Z [debug] Requisição GET na rota /favicon.ico
2025-01-24T02:48:16.218Z [debug] Requisição GET na rota /
2025-01-24T02:48:16.332Z [debug] Requisição GET na rota /static/imgs/avatar.jpg
2025-01-24T02:48:16.340Z [debug] Requisição GET na rota /static/uploads/foto-1737683937760.jpg
2025-01-24T02:48:16.345Z [debug] Requisição GET na rota /static/uploads/foto-1737683703530.jpg
2025-01-24T02:48:16.346Z [debug] Requisição GET na rota /static/uploads/foto-1737683165439.jpg
2025-01-24T02:48:36.494Z [debug] Requisição GET na rota /
2025-01-24T02:48:36.580Z [debug] Requisição GET na rota /static/imgs/avatar.jpg
2025-01-24T02:48:36.624Z [debug] Requisição GET na rota /static/uploads/foto-1737683703530.jpg
2025-01-24T02:48:36.628Z [debug] Requisição GET na rota /static/uploads/foto-1737683165439.jpg
2025-01-24T02:48:36.637Z [debug] Requisição GET na rota /static/uploads/foto-1737683937760.jpg
2025-01-24T02:49:24.926Z [debug] Requisição GET na rota /
2025-01-24T02:49:25.020Z [debug] Requisição GET na rota /static/imgs/avatar.jpg
2025-01-24T02:49:25.049Z [debug] Requisição GET na rota /static/uploads/foto-1737683937760.jpg
2025-01-24T02:49:25.071Z [debug] Requisição GET na rota /static/uploads/foto-1737683703530.jpg
2025-01-24T02:49:25.075Z [debug] Requisição GET na rota /static/uploads/foto-1737683165439.jpg
2025-01-24T02:49:25.157Z [debug] Requisição GET na rota /favicon.ico
2025-01-24T02:49:40.420Z [debug] Requisição GET na rota /
2025-01-24T02:49:40.492Z [debug] Requisição GET na rota /static/imgs/avatar.jpg
2025-01-24T02:49:40.497Z [debug] Requisição GET na rota /static/uploads/foto-1737683937760.jpg
2025-01-24T02:49:40.508Z [debug] Requisição GET na rota /static/uploads/foto-1737683703530.jpg
2025-01-24T02:49:40.539Z [debug] Requisição GET na rota /static/uploads/foto-1737683165439.jpg
2025-01-24T02:50:54.385Z [debug] Requisição GET na rota /
2025-01-24T02:50:54.470Z [debug] Requisição GET na rota /static/uploads/foto-1737683937760.jpg
2025-01-24T02:50:54.472Z [debug] Requisição GET na rota /static/uploads/foto-1737683703530.jpg
2025-01-24T02:50:54.501Z [debug] Requisição GET na rota /static/uploads/foto-1737683165439.jpg
2025-01-24T02:50:54.502Z [debug] Requisição GET na rota /static/imgs/avatar.jpg
2025-01-24T02:50:54.546Z [debug] Requisição GET na rota /favicon.ico
2025-01-24T02:51:30.653Z [debug] Requisição GET na rota /
2025-01-24T02:51:30.753Z [debug] Requisição GET na rota /static/imgs/avatar.jpg
2025-01-24T02:51:30.771Z [debug] Requisição GET na rota /static/uploads/foto-1737683937760.jpg
2025-01-24T02:51:30.780Z [debug] Requisição GET na rota /static/uploads/foto-1737683703530.jpg
2025-01-24T02:51:30.787Z [debug] Requisição GET na rota /static/uploads/foto-1737683165439.jpg
2025-01-24T02:51:30.846Z [debug] Requisição GET na rota /favicon.ico
2025-01-24T02:54:09.200Z [debug] Requisição GET na rota /
2025-01-24T02:54:09.295Z [debug] Requisição GET na rota /static/imgs/avatar.jpg
2025-01-24T02:54:09.305Z [debug] Requisição GET na rota /static/uploads/foto-1737683937760.jpg
2025-01-24T02:54:09.309Z [debug] Requisição GET na rota /static/uploads/foto-1737683703530.jpg
2025-01-24T02:54:09.312Z [debug] Requisição GET na rota /static/uploads/foto-1737683165439.jpg
2025-01-24T02:54:09.382Z [debug] Requisição GET na rota /favicon.ico
2025-01-24T02:54:24.044Z [debug] Requisição GET na rota /
2025-01-24T02:54:24.131Z [debug] Requisição GET na rota /static/imgs/avatar.jpg
2025-01-24T02:54:24.141Z [debug] Requisição GET na rota /static/uploads/foto-1737683937760.jpg
2025-01-24T02:54:24.143Z [debug] Requisição GET na rota /static/uploads/foto-1737683703530.jpg
2025-01-24T02:54:24.143Z [debug] Requisição GET na rota /static/uploads/foto-1737683165439.jpg
2025-01-24T02:54:29.208Z [debug] Requisição GET na rota /post/8
2025-01-24T02:54:29.379Z [debug] Requisição GET na rota /static/imgs/avatar.jpg
2025-01-24T02:54:29.383Z [debug] Requisição GET na rota /static/uploads/foto-1737683937760.jpg
2025-01-24T03:28:14.761Z [debug] Requisição GET na rota /
2025-01-24T03:28:15.122Z [debug] Requisição GET na rota /static/imgs/avatar.jpg
2025-01-24T03:28:15.142Z [debug] Requisição GET na rota /static/uploads/foto-1737683165439.jpg
2025-01-24T03:28:15.145Z [debug] Requisição GET na rota /static/uploads/foto-1737683937760.jpg
2025-01-24T03:28:15.145Z [debug] Requisição GET na rota /static/uploads/foto-1737683703530.jpg
2025-01-24T03:28:51.633Z [debug] Requisição GET na rota /
2025-01-24T03:28:51.775Z [debug] Requisição GET na rota /static/imgs/avatar.jpg
2025-01-24T03:28:51.794Z [debug] Requisição GET na rota /static/uploads/foto-1737683937760.jpg
2025-01-24T03:28:51.796Z [debug] Requisição GET na rota /static/uploads/foto-1737683703530.jpg
2025-01-24T03:28:51.797Z [debug] Requisição GET na rota /static/uploads/foto-1737683165439.jpg
2025-01-24T03:29:24.605Z [debug] Requisição GET na rota /
2025-01-24T03:29:24.713Z [debug] Requisição GET na rota /static/imgs/avatar.jpg
2025-01-24T03:29:24.720Z [debug] Requisição GET na rota /static/uploads/foto-1737683937760.jpg
2025-01-24T03:29:24.723Z [debug] Requisição GET na rota /static/uploads/foto-1737683703530.jpg
2025-01-24T03:29:24.744Z [debug] Requisição GET na rota /static/uploads/foto-1737683165439.jpg
2025-01-24T03:29:24.830Z [debug] Requisição GET na rota /favicon.ico
2025-01-24T03:32:09.637Z [debug] Requisição GET na rota /
2025-01-24T03:32:09.949Z [debug] Requisição GET na rota /static/imgs/avatar.jpg
2025-01-24T03:32:10.047Z [debug] Requisição GET na rota /static/uploads/foto-1737683937760.jpg
2025-01-24T03:32:10.052Z [debug] Requisição GET na rota /static/uploads/foto-1737683703530.jpg
2025-01-24T03:32:10.071Z [debug] Requisição GET na rota /static/uploads/foto-1737683165439.jpg
2025-01-24T03:32:15.682Z [debug] Requisição GET na rota /
2025-01-24T03:32:15.771Z [debug] Requisição GET na rota /static/imgs/avatar.jpg
2025-01-24T03:32:15.773Z [debug] Requisição GET na rota /static/uploads/foto-1737683937760.jpg
2025-01-24T03:32:15.801Z [debug] Requisição GET na rota /static/uploads/foto-1737683703530.jpg
2025-01-24T03:32:15.807Z [debug] Requisição GET na rota /static/uploads/foto-1737683165439.jpg
2025-01-24T03:34:09.313Z [debug] Requisição GET na rota /
2025-01-24T03:34:09.449Z [debug] Requisição GET na rota /static/imgs/avatar.jpg
2025-01-24T03:34:09.453Z [debug] Requisição GET na rota /static/uploads/foto-1737683937760.jpg
2025-01-24T03:34:09.469Z [debug] Requisição GET na rota /static/uploads/foto-1737683703530.jpg
2025-01-24T03:34:09.477Z [debug] Requisição GET na rota /static/uploads/foto-1737683165439.jpg
2025-01-24T03:34:44.178Z [debug] Requisição GET na rota /
2025-01-24T03:34:44.279Z [debug] Requisição GET na rota /static/uploads/foto-1737683937760.jpg
2025-01-24T03:34:44.299Z [debug] Requisição GET na rota /static/uploads/foto-1737683703530.jpg
2025-01-24T03:34:44.300Z [debug] Requisição GET na rota /static/imgs/avatar.jpg
2025-01-24T03:34:44.303Z [debug] Requisição GET na rota /static/uploads/foto-1737683165439.jpg
2025-01-24T03:34:44.334Z [debug] Requisição GET na rota /favicon.ico
2025-01-24T03:34:57.342Z [debug] Requisição GET na rota /post/8
2025-01-24T03:34:57.492Z [debug] Requisição GET na rota /static/imgs/avatar.jpg
2025-01-24T03:34:57.499Z [debug] Requisição GET na rota /static/uploads/foto-1737683937760.jpg
2025-01-24T03:34:57.550Z [debug] Requisição GET na rota /favicon.ico
2025-01-24T03:35:00.206Z [debug] Requisição GET na rota /favicon.ico
2025-01-24T03:39:21.049Z [debug] Requisição GET na rota /
2025-01-24T03:39:21.333Z [debug] Requisição GET na rota /static/imgs/IMG_0443.jpg
2025-01-24T03:39:21.402Z [debug] Requisição GET na rota /static/uploads/foto-1737683937760.jpg
2025-01-24T03:39:21.406Z [debug] Requisição GET na rota /static/uploads/foto-1737683703530.jpg
2025-01-24T03:39:21.425Z [debug] Requisição GET na rota /static/uploads/foto-1737683165439.jpg
2025-01-24T03:39:43.014Z [debug] Requisição GET na rota /
2025-01-24T03:39:43.118Z [debug] Requisição GET na rota /imgs/IMG_0443.jpg
2025-01-24T03:39:43.135Z [debug] Requisição GET na rota /static/uploads/foto-1737683703530.jpg
2025-01-24T03:39:43.139Z [debug] Requisição GET na rota /static/uploads/foto-1737683165439.jpg
2025-01-24T03:39:43.145Z [debug] Requisição GET na rota /static/uploads/foto-1737683937760.jpg
2025-01-24T03:39:43.204Z [debug] Requisição GET na rota /favicon.ico
2025-01-24T03:39:49.390Z [debug] Requisição GET na rota /
2025-01-24T03:39:49.478Z [debug] Requisição GET na rota /imgs/IMG_0443.jpg
2025-01-24T03:39:49.492Z [debug] Requisição GET na rota /static/uploads/foto-1737683165439.jpg
2025-01-24T03:39:49.499Z [debug] Requisição GET na rota /static/uploads/foto-1737683703530.jpg
2025-01-24T03:39:49.501Z [debug] Requisição GET na rota /static/uploads/foto-1737683937760.jpg
2025-01-24T03:40:50.397Z [debug] Requisição GET na rota /
2025-01-24T03:40:50.522Z [debug] Requisição GET na rota /static/imgs/avatar.jpg
2025-01-24T03:40:50.541Z [debug] Requisição GET na rota /static/uploads/foto-1737683937760.jpg
2025-01-24T03:40:50.544Z [debug] Requisição GET na rota /static/uploads/foto-1737683703530.jpg
2025-01-24T03:40:50.545Z [debug] Requisição GET na rota /static/uploads/foto-1737683165439.jpg
2025-01-24T03:42:05.734Z [debug] Requisição GET na rota /
2025-01-24T03:42:05.797Z [debug] Requisição GET na rota /layout/imgs/IMG_0443.jpg
2025-01-24T03:42:05.824Z [debug] Requisição GET na rota /static/uploads/foto-1737683703530.jpg
2025-01-24T03:42:05.828Z [debug] Requisição GET na rota /static/uploads/foto-1737683165439.jpg
2025-01-24T03:42:05.831Z [debug] Requisição GET na rota /static/uploads/foto-1737683937760.jpg
2025-01-24T03:42:06.576Z [debug] Requisição GET na rota /
2025-01-24T03:42:06.618Z [debug] Requisição GET na rota /layout/imgs/IMG_0443.jpg
2025-01-24T03:42:06.621Z [debug] Requisição GET na rota /static/uploads/foto-1737683937760.jpg
2025-01-24T03:42:06.624Z [debug] Requisição GET na rota /static/uploads/foto-1737683703530.jpg
2025-01-24T03:42:06.624Z [debug] Requisição GET na rota /static/uploads/foto-1737683165439.jpg
2025-01-24T03:42:06.908Z [debug] Requisição GET na rota /
2025-01-24T03:42:06.969Z [debug] Requisição GET na rota /layout/imgs/IMG_0443.jpg
2025-01-24T03:42:06.975Z [debug] Requisição GET na rota /static/uploads/foto-1737683937760.jpg
2025-01-24T03:42:06.977Z [debug] Requisição GET na rota /static/uploads/foto-1737683703530.jpg
2025-01-24T03:42:06.978Z [debug] Requisição GET na rota /static/uploads/foto-1737683165439.jpg
2025-01-24T03:42:07.265Z [debug] Requisição GET na rota /
2025-01-24T03:42:07.343Z [debug] Requisição GET na rota /layout/imgs/IMG_0443.jpg
2025-01-24T03:42:07.359Z [debug] Requisição GET na rota /static/uploads/foto-1737683937760.jpg
2025-01-24T03:42:07.360Z [debug] Requisição GET na rota /static/uploads/foto-1737683703530.jpg
2025-01-24T03:42:07.360Z [debug] Requisição GET na rota /static/uploads/foto-1737683165439.jpg
2025-01-24T03:43:21.529Z [info] Iniciando no ambiente development
2025-01-24T03:43:21.531Z [info] Servidor pronto na porta 8080
2025-01-24T03:50:00.868Z [debug] Requisição GET na rota /
2025-01-24T03:50:01.278Z [debug] Requisição GET na rota /static/uploads/IMG_0443.jpg
2025-01-24T03:50:01.380Z [debug] Requisição GET na rota /static/uploads/foto-1737683937760.jpg
2025-01-24T03:50:01.393Z [debug] Requisição GET na rota /static/uploads/foto-1737683703530.jpg
2025-01-24T03:50:01.396Z [debug] Requisição GET na rota /static/uploads/foto-1737683165439.jpg
2025-01-24T03:50:36.055Z [debug] Requisição GET na rota /
2025-01-24T03:50:36.150Z [debug] Requisição GET na rota /static/uploads/imgs/IMG_0443.jpg
2025-01-24T03:50:36.169Z [debug] Requisição GET na rota /static/uploads/foto-1737683703530.jpg
2025-01-24T03:50:36.174Z [debug] Requisição GET na rota /static/uploads/foto-1737683937760.jpg
2025-01-24T03:50:36.176Z [debug] Requisição GET na rota /static/uploads/foto-1737683165439.jpg
2025-01-24T03:51:38.349Z [debug] Requisição GET na rota /
2025-01-24T03:51:38.483Z [debug] Requisição GET na rota /static/imgs/IMG_0443.jpg
2025-01-24T03:51:38.490Z [debug] Requisição GET na rota /static/uploads/foto-1737683937760.jpg
2025-01-24T03:51:38.502Z [debug] Requisição GET na rota /static/uploads/foto-1737683703530.jpg
2025-01-24T03:51:38.503Z [debug] Requisição GET na rota /static/uploads/foto-1737683165439.jpg
2025-01-24T03:52:29.399Z [debug] Requisição GET na rota /
2025-01-24T03:52:29.525Z [debug] Requisição GET na rota /static/imgs/IMG_0443.jpg
2025-01-24T03:52:29.576Z [debug] Requisição GET na rota /static/uploads/foto-1737683937760.jpg
2025-01-24T03:52:29.579Z [debug] Requisição GET na rota /static/uploads/foto-1737683703530.jpg
2025-01-24T03:52:29.603Z [debug] Requisição GET na rota /static/uploads/foto-1737683165439.jpg
